<?xml version="1.0" encoding="UTF-8"?>
<testExecutions version="1">
    <file path="C:\Users\Mateus\Desktop\uni\ES\frontend\src\components\tests\index.test.js">
    </file>
</testExecutions>