<testExecutions version="1">
<file path="C:\Users\Mateus\Desktop\uni\ES\frontend\src\components\tests\example.spec.js">
<testCase name="should work" duration="1330" />
</file>
</testExecutions>